<?xml version="1.0" encoding="UTF-8"?>
<!-- Generated by org.testng.reporters.JUnitXMLReporter -->
<testsuite hostname="Pravins-MacBook-Pro.local" ignored="0" name="Default test" tests="2" failures="0" timestamp="2022-12-12T15:40:22 IST" time="30.956" errors="0">
  <testcase name="runScenario" time="17.944" classname="io.cucumber.testng.AbstractTestNGCucumberTests"/>
  <testcase name="runScenario" time="9.421" classname="io.cucumber.testng.AbstractTestNGCucumberTests"/>
</testsuite> <!-- Default test -->
