<?xml version="1.0" encoding="UTF-8"?>
<!-- Generated by org.testng.reporters.JUnitXMLReporter -->
<testsuite hostname="Pravins-MacBook-Pro.local" ignored="0" name="Default test" tests="2" failures="0" timestamp="2022-12-21T22:28:32 IST" time="29.95" errors="0">
  <testcase name="runScenario" time="18.069" classname="io.cucumber.testng.AbstractTestNGCucumberTests"/>
  <testcase name="runScenario" time="8.22" classname="io.cucumber.testng.AbstractTestNGCucumberTests"/>
</testsuite> <!-- Default test -->
