<?xml version="1.0" encoding="UTF-8"?>
<testng-results skipped="0" failed="0" ignored="0" total="2" passed="2">
  <reporter-output>
  </reporter-output>
  <suite name="Default suite" duration-ms="30956" started-at="2022-12-12T15:39:46 IST" finished-at="2022-12-12T15:40:17 IST">
    <groups>
      <group name="cucumber">
        <method signature="AbstractTestNGCucumberTests.runScenario(io.cucumber.testng.PickleWrapper, io.cucumber.testng.FeatureWrapper)[pri:0, instance:testRunner.TestNgRunner@5bfbf16f]" name="runScenario" class="io.cucumber.testng.AbstractTestNGCucumberTests"/>
      </group> <!-- cucumber -->
    </groups>
    <test name="Default test" duration-ms="30956" started-at="2022-12-12T15:39:46 IST" finished-at="2022-12-12T15:40:17 IST">
      <class name="testRunner.TestNgRunner">
        <test-method status="PASS" signature="setUpClass(org.testng.ITestContext)[pri:0, instance:testRunner.TestNgRunner@5bfbf16f]" name="setUpClass" is-config="true" duration-ms="843" started-at="2022-12-12T15:39:46 IST" finished-at="2022-12-12T15:39:47 IST">
          <params>
            <param index="0">
              <value>
                <![CDATA[org.testng.TestRunner@5d97caa4]]>
              </value>
            </param>
          </params>
          <reporter-output>
          </reporter-output>
        </test-method> <!-- setUpClass -->
        <test-method status="PASS" signature="runScenario(io.cucumber.testng.PickleWrapper, io.cucumber.testng.FeatureWrapper)[pri:0, instance:testRunner.TestNgRunner@5bfbf16f]" name="runScenario" duration-ms="17944" started-at="2022-12-12T15:39:47 IST" description="Runs Cucumber Scenarios" data-provider="scenarios" finished-at="2022-12-12T15:40:05 IST">
          <params>
            <param index="0">
              <value>
                <![CDATA["Login with correct credentails"]]>
              </value>
            </param>
            <param index="1">
              <value>
                <![CDATA["Login"]]>
              </value>
            </param>
          </params>
          <reporter-output>
          </reporter-output>
        </test-method> <!-- runScenario -->
        <test-method status="PASS" signature="runScenario(io.cucumber.testng.PickleWrapper, io.cucumber.testng.FeatureWrapper)[pri:0, instance:testRunner.TestNgRunner@5bfbf16f]" name="runScenario" duration-ms="9421" started-at="2022-12-12T15:40:05 IST" description="Runs Cucumber Scenarios" data-provider="scenarios" finished-at="2022-12-12T15:40:14 IST">
          <params>
            <param index="0">
              <value>
                <![CDATA["Login with Wrong credentials"]]>
              </value>
            </param>
            <param index="1">
              <value>
                <![CDATA["Login"]]>
              </value>
            </param>
          </params>
          <reporter-output>
          </reporter-output>
        </test-method> <!-- runScenario -->
        <test-method status="PASS" signature="tearDownClass()[pri:0, instance:testRunner.TestNgRunner@5bfbf16f]" name="tearDownClass" is-config="true" duration-ms="2706" started-at="2022-12-12T15:40:14 IST" finished-at="2022-12-12T15:40:17 IST">
          <reporter-output>
          </reporter-output>
        </test-method> <!-- tearDownClass -->
      </class> <!-- testRunner.TestNgRunner -->
    </test> <!-- Default test -->
  </suite> <!-- Default suite -->
</testng-results>
